<?xml version="1.0" encoding="UTF-8"?>
<testsuite xmlns:xsi="http://www.w3.org/2001/XMLSchema-instance" xsi:noNamespaceSchemaLocation="https://maven.apache.org/surefire/maven-surefire-plugin/xsd/surefire-test-report-3.0.xsd" version="3.0" name="CSC340f23.homework4.Homework4ApplicationTests" time="2.654" tests="1" errors="0" skipped="0" failures="0">
  <properties>
[...]
</properties>
  <testcase name="contextLoads" classname="CSC340f23.homework4.Homework4ApplicationTests" time="0.785">
    <system-out><![CDATA[21:19:39.539 [main] INFO org.springframework.test.context.support.AnnotationConfigContextLoaderUtils -- Could not detect default configuration classes for test class [CSC340f23.homework4.Homework4ApplicationTests]: Homework4ApplicationTests does not declare any static, non-private, non-final, nested classes annotated with @Configuration.
21:19:39.645 [main] INFO org.springframework.boot.test.context.SpringBootTestContextBootstrapper -- Found @SpringBootConfiguration CSC340f23.homework4.Homework4Application for test class CSC340f23.homework4.Homework4ApplicationTests

  .   ____          _            __ _ _
 /\\ / ___'_ __ _ _(_)_ __  __ _ \ \ \ \
( ( )\___ | '_ | '_| | '_ \/ _` | \ \ \ \
 \\/  ___)| |_)| | | | | || (_| |  ) ) ) )
  '  |____| .__|_| |_|_| |_\__, | / / / /
 =========|_|==============|___/=/_/_/_/
 :: Spring Boot ::                (v3.1.5)

2023-10-25T21:19:40.075-04:00  INFO 10440 --- [           main] C.homework4.Homework4ApplicationTests    : Starting Homework4ApplicationTests using Java 17.0.5 with PID 10440 (started by jakec in C:\Users\jakec\OneDrive\Documents\school\CSC-340\homework-4\homework-4)
2023-10-25T21:19:40.077-04:00  INFO 10440 --- [           main] C.homework4.Homework4ApplicationTests    : No active profile set, falling back to 1 default profile: "default"
2023-10-25T21:19:41.210-04:00  INFO 10440 --- [           main] C.homework4.Homework4ApplicationTests    : Started Homework4ApplicationTests in 1.428 seconds (process running for 2.399)
]]></system-out>
  </testcase>
</testsuite>